11.714360
10.749540
12.207933
9.613640
11.508720
7.573092
10.925410
11.114137
9.688284
9.054854
12.884602
9.393390
11.798444
11.877751
12.767898
8.210273
1.873148
9.264755
7.864734
8.622843
6.826053
11.250670
12.672089
7.428545
9.787078
11.038123
7.385475
5.096465
10.976215
10.108578
6.244324
5.641030
11.759852
3.750062
9.425124
8.069992
11.773193
7.540394
12.523537
10.869665
10.558550
13.641560
17.021022
6.623866
9.045864
9.400354
8.798175
8.649863
15.408712
8.557569
9.115273
5.734800
15.172735
9.816142
9.860986
14.034012
8.322744
8.106926
12.796095
9.274095
8.093061
5.699574
5.744734
1.849749
11.002299
10.277390
8.364931
11.117887
11.832317
8.980346
10.177981
12.128207
7.841013
10.346971
11.574570
13.222231
8.088764
7.604056
8.151760
10.900786
16.970800
8.610412
10.250517
8.932389
7.524845
7.518554
8.379230
9.398362
9.923901
15.016884
9.300867
9.770863
6.593231
6.519984
11.802468
9.401076
5.018781
17.443791
10.109574
11.035628
8.115702
5.508811
10.719125
11.864652
9.054237
7.460625
9.391236
12.467933
13.596315
7.854157
5.736829
11.628062
12.203150
9.111756
8.667333
12.650933
4.977901
16.583022
9.867135
7.344614
11.908708
14.787386
9.636401
1.345005
10.603980
3.517942
8.696704
9.478889
13.177279
8.144275
8.308814
13.182888
12.165047
9.541699
9.134293
7.907347
9.133198
5.329208
7.039863
11.206537
9.154850
9.026315
9.927405
7.776328
12.114854
11.372005
11.390230
8.301394
11.703845
8.228423
9.574066
8.209875
11.534603
12.471458
0.819743
10.492819
9.061723
9.799787
11.307968
13.713903
12.632038
13.514518
10.870349
11.496873
11.656532
15.765569
10.054750
10.098104
6.548728
4.347277
16.555275
11.262874
11.304322
10.636125
8.460862
10.768103
9.121842
10.264928
10.373311
11.228023
11.904155
8.034862
8.699354
10.908157
13.661299
4.770590
11.065563
7.570904
7.703409
7.802366
14.928286
11.649305
7.900329
8.562702
13.081018
15.019197
13.102724
6.480839
11.022607
8.053326
10.899123
15.838662
14.069450
13.517375
9.337030
9.407903
6.650081
9.829172
11.755893
13.743709
9.938839
11.630262
11.932003
14.514378
5.464857
12.287982
6.289150
9.772904
8.345569
12.935693
8.672755
9.339103
9.559778
11.569200
8.122545
10.338787
3.555567
5.406069
6.032296
6.859738
16.038261
10.544915
12.103631
12.486721
12.327690
12.204566
9.253386
10.892185
7.482106
4.816300
14.499491
12.072190
8.976928
12.898215
8.146914
7.346472
10.632520
7.846895
7.015068
8.250091
6.857599
11.033107
12.049178
7.958424
11.029203
9.561763
5.627612
9.205792
11.220028
5.976603
10.837999
0.245569
13.324921
12.644121
11.423743
5.343593
6.350948
12.732463
9.518745
15.935666
11.347868
11.240818
12.662174
3.648756
10.519560
9.841557
9.262290
6.510302
14.751915
10.796205
6.747413
11.933385
9.113291
8.311675
4.959347
10.731202
7.617469
17.435724
9.701654
6.822038
13.731920
11.891348
14.575426
7.512423
7.676036
11.072980
12.872796
13.004488
10.533905
12.942992
7.451898
14.053783
9.430663
12.378789
6.593365
10.578295
12.902366
9.213919
13.227341
11.332721
12.062141
8.978582
13.230744
7.977818
11.388266
10.364053
10.790727
10.050141
8.737627
7.668957
16.639751
7.164892
12.371349
8.290756
12.599981
12.322466
12.193304
9.705585
7.513444
12.759565
8.281764
9.303003
10.383554
10.578981
9.010542
4.060292
8.182583
13.705290
10.090691
7.060577
8.891873
10.528405
9.113852
5.701855
9.063250
14.034146
5.090535
11.700513
8.030459
5.851206
9.351254
6.860842
6.665445
11.879108
14.744709
12.914369
10.310708
10.411421
8.589193
13.534316
9.474616
3.819706
8.726075
12.657268
5.924601
7.648277
11.864596
10.793227
12.690354
9.993466
2.316958
13.573212
11.392665
10.549726
5.103313
13.344638
11.406915
10.783884
5.443606
2.651196
11.713601
10.220247
3.896079
9.743424
8.765371
10.321050
7.387730
6.541900
12.300360
11.243102
8.926542
11.239712
7.493349
5.599872
11.118872
9.251672
11.244257
9.553269
12.273415
10.025177
8.264883
7.829820
10.887254
16.528230
8.448112
5.609384
12.818475
9.532943
9.614505
6.666693
9.409954
9.569641
8.897662
9.357652
12.782653
7.284490
7.969362
11.027221
10.030350
10.435041
6.744999
10.886310
15.018662
10.510989
10.868531
8.915507
14.224491
4.183342
12.546894
10.830726
5.527089
13.757273
6.587997
10.355347
3.661702
8.999432
7.897988
12.279455
5.542768
13.887966
13.232674
11.692358
6.025427
8.196053
9.645859
12.477405
11.144532
7.773030
7.326516
15.430304
9.565656
9.948556
11.344334
4.829050
13.655062
10.737683
13.221341
8.405543
14.255037
9.680165
13.833347
3.640507
12.997327
11.761714
14.347303
11.855467
9.018528
10.119515
4.735576
11.733575
12.969872
10.387297
12.648103
13.183234
9.573420
9.513700
9.109691
10.697132
11.915637
8.419102
7.549965
9.979579
13.823137
14.179323
6.448191
12.932329
8.603181
11.730888
9.975502
6.429991
15.017721
10.060737
10.197505
12.849877
15.468415
8.537635
15.498410
10.157004
10.034874
10.216485
9.496346
12.081578
11.796282
10.354571
6.043186
8.591598
5.027766
7.778298
7.820401
7.741987
6.985154
5.463313
8.779250
10.559464
9.718797
7.719720
14.551723
10.494728
7.477119
9.778507
10.463260
8.925577
7.719806
7.752853
11.038772
9.775298
10.830573
7.680169
15.637350
7.806072
8.715877
13.989842
9.767693
12.747625
8.615361
9.149024
10.065133
11.247568
8.894225
8.551562
11.991517
9.485607
18.522110
9.220652
5.832800
16.500925
7.476236
9.468631
13.085892
12.348646
8.598877
5.682325
9.373081
14.475063
9.570038
12.676968
13.344906
14.323422
9.429508
12.460677
12.005422
10.074036
12.883296
5.938366
12.842727
7.624968
8.362855
12.092482
8.430333
8.382700
9.493597
14.066835
10.491500
12.846313
9.975601
8.775227
10.926797
11.888989
12.965366
9.606754
4.361447
7.469177
10.813232
5.895594
7.015251
9.022844
9.292177
13.225519
11.612374
7.813046
15.006072
14.450854
8.222287
14.646100
7.328781
9.934049
7.336738
8.913569
5.532115
8.666625
14.264071
10.370676
9.873953
14.475035
10.797132
7.865794
13.615194
12.713202
9.860537
10.339977
7.716322
9.034943
8.031941
12.683474
13.509587
8.575332
8.919108
7.740688
10.270867
10.240123
12.121646
10.477801
6.551393
16.726951
8.321257
13.880120
14.957931
8.249237
7.065470
9.066378
10.553228
8.717104
8.972661
11.880793
8.059740
14.173727
7.813509
13.547259
9.294342
13.194247
9.470901
11.029486
9.182736
6.068883
9.307417
9.284700
9.360305
10.026913
7.812498
14.106489
8.701629
13.862773
11.969331
4.848018
6.346911
4.134620
9.810836
8.196238
8.798473
12.819020
9.436505
7.750123
11.211797
8.664275
9.673914
13.498421
7.171582
3.669014
4.840626
5.396307
9.629207
13.924770
8.859358
5.135493
11.881141
16.489987
7.316498
10.982729
9.409912
11.095464
11.246609
10.852662
8.428188
10.365189
10.238685
11.074125
11.375724
9.875108
10.024938
14.333096
16.014423
11.130322
10.374046
13.246419
5.346147
13.248845
13.546913
3.195287
7.892379
9.886277
16.106633
14.456746
10.791314
8.296124
6.713269
14.178011
6.626600
9.686976
7.892554
11.739688
6.268441
11.001788
13.168705
7.534845
7.243614
13.107785
7.665031
5.131993
4.986724
15.504976
7.773109
8.877607
5.794719
11.100594
8.509441
6.747184
9.927895
11.126540
8.732436
7.986148
5.668998
13.524060
7.248759
10.343039
7.323307
8.207675
10.865325
8.028120
13.358778
7.608016
10.410303
5.985927
8.593784
11.063037
13.154257
6.872772
11.859977
8.458395
14.524111
7.919938
6.033766
6.570197
13.066647
14.264728
7.506776
6.633703
9.950857
4.061106
13.064853
8.536814
16.763860
5.773026
8.965639
7.806717
9.594357
1.821158
3.243306
11.223187
9.128371
12.755796
8.340714
8.950111
5.779344
9.263059
11.185242
8.742761
4.235636
13.458634
4.459373
12.406395
9.234613
11.902172
13.150290
7.586168
14.026309
11.563594
10.492198
10.310296
5.744876
8.155339
10.891623
6.223728
7.632204
4.877423
11.892532
8.711594
7.342246
8.225408
6.522577
10.719367
10.620014
10.430052
9.363612
6.724592
8.945953
9.616538
12.737380
7.671942
6.375882
4.553277
13.092638
8.538929
12.326803
8.225799
7.118437
9.783537
10.619451
13.375014
12.357784
2.658254
7.333996
7.563664
12.068444
15.445717
14.365244
4.167658
6.508224
10.517895
9.370355
7.523584
11.762682
10.142901
5.033663
10.544437
9.840343
4.012929
12.622929
9.291544
7.885095
12.017147
10.309243
10.935742
8.358670
7.643499
7.725530
4.281972
10.741072
9.590716
6.411867
15.587759
10.236737
8.934402
11.619046
11.805218
5.997525
9.839556
10.317487
7.544437
12.010876
8.372986
7.140156
7.128084
11.882778
12.212222
12.986086
4.094015
14.756046
8.957431
5.805389
12.827423
6.855655
11.076856
5.675909
7.119308
5.994866
12.746350
10.737150
7.902352
3.760520
6.897191
7.166927
10.463715
9.872646
11.950180
12.577458
9.457241
13.401342
9.979481
9.735978
11.280237
11.582377
7.249509
7.665349
8.836040
10.191495
15.349730
5.760734
13.398411
12.525098
6.044881
10.460603
13.909978
7.827429
13.702494
9.541732
11.766235
10.631094
14.447849
5.003586
10.377676
10.079194
7.119520
10.846208
9.730782
2.181562
11.624289
12.591422
12.039925
9.623633
12.222528
9.477727
7.436497
12.134125
11.902399
10.619390
11.973233
10.066598
8.130386
11.600334
4.574331
10.741354
5.314599
8.293284
10.061444
9.094930
10.683343
6.720664
12.118834
-0.039967
13.102835
7.078107
5.965343
7.141800
9.051540
11.915514
11.421738
6.742228
10.510094
8.812130
12.807392
14.347419
10.765891
6.218870
9.301071
8.729562
13.856227
6.709287
10.362253
11.427940
11.218556
6.503161
11.230856
4.815047
9.553545
10.592916
7.571710
9.587099
10.941676
10.835447
8.685068
12.497790
9.309276
4.986411
15.805890
8.746428
9.771410
8.024240
8.049657
10.891757
8.599617
11.685981
9.716319
12.776252
11.655042
9.016491
9.426108
15.968916
13.337624
9.066348
11.902163
10.807120
11.022964
9.013341
-1.899370
9.279605
6.734978
8.915706
8.913492
13.702214
13.906447
