\BOOKMARK [0][-]{chapter.1}{\376\377\000I\000n\000t\000r\000o\000d\000u\000c\000t\000i\000o\000n}{}% 1
\BOOKMARK [1][-]{section.1.1}{\376\377\000S\000u\000m\000m\000a\000r\000y}{chapter.1}% 2
\BOOKMARK [1][-]{section.1.2}{\376\377\000S\000u\000p\000p\000l\000i\000e\000d\000\040\000w\000o\000r\000d\000l\000i\000s\000t\000s}{chapter.1}% 3
\BOOKMARK [1][-]{section.1.3}{\376\377\000B\000a\000c\000k\000g\000r\000o\000u\000n\000d}{chapter.1}% 4
\BOOKMARK [0][-]{chapter.2}{\376\377\000I\000n\000s\000t\000a\000l\000l\000a\000t\000i\000o\000n}{}% 5
\BOOKMARK [1][-]{section.2.1}{\376\377\000I\000n\000s\000t\000a\000l\000l\000\040\000f\000r\000o\000m\000\040\000G\000i\000t\000H\000u\000b}{chapter.2}% 6
\BOOKMARK [1][-]{section.2.2}{\376\377\000I\000n\000s\000t\000a\000l\000l\000\040\000f\000r\000o\000m\000\040\000P\000y\000P\000I}{chapter.2}% 7
\BOOKMARK [0][-]{chapter.3}{\376\377\000Q\000u\000i\000c\000k\000s\000t\000a\000r\000t}{}% 8
\BOOKMARK [1][-]{section.3.1}{\376\377\000P\000r\000e\000p\000a\000r\000e\000\040\000a\000n\000d\000\040\000t\000r\000a\000i\000n\000\040\000t\000h\000e\000\040\000m\000o\000d\000e\000l}{chapter.3}% 9
\BOOKMARK [1][-]{section.3.2}{\376\377\000S\000a\000v\000e\000\040\000a\000n\000d\000\040\000l\000o\000a\000d\000\040\000t\000h\000e\000\040\000m\000o\000d\000e\000l\000\040\000f\000o\000r\000\040\000l\000a\000t\000e\000r}{chapter.3}% 10
\BOOKMARK [0][-]{chapter.4}{\376\377\000D\000i\000s\000c\000u\000s\000s\000i\000o\000n}{}% 11
\BOOKMARK [1][-]{section.4.1}{\376\377\000D\000a\000t\000a\000\040\000p\000r\000e\000p\000r\000o\000c\000e\000s\000s\000i\000n\000g}{chapter.4}% 12
\BOOKMARK [1][-]{section.4.2}{\376\377\000T\000h\000e\000\040\000R\000N\000N\000\040\000a\000r\000c\000h\000i\000t\000e\000c\000t\000u\000r\000e}{chapter.4}% 13
\BOOKMARK [1][-]{section.4.3}{\376\377\000S\000a\000m\000p\000l\000i\000n\000g\000\040\000T\000e\000m\000p\000e\000r\000a\000t\000u\000r\000e}{chapter.4}% 14
\BOOKMARK [0][-]{chapter.5}{\376\377\000M\000o\000d\000u\000l\000e\000s}{}% 15
\BOOKMARK [1][-]{section.5.1}{\376\377\000C\000o\000n\000f\000i\000g}{chapter.5}% 16
\BOOKMARK [1][-]{section.5.2}{\376\377\000G\000e\000n\000e\000r\000a\000t\000o\000r}{chapter.5}% 17
\BOOKMARK [1][-]{section.5.3}{\376\377\000W\000o\000r\000d\000l\000i\000s\000t\000s}{chapter.5}% 18
\BOOKMARK [0][-]{chapter.6}{\376\377\000I\000n\000d\000i\000c\000e\000s\000\040\000a\000n\000d\000\040\000t\000a\000b\000l\000e\000s}{}% 19
\BOOKMARK [0][-]{section*.22}{\376\377\000P\000y\000t\000h\000o\000n\000\040\000M\000o\000d\000u\000l\000e\000\040\000I\000n\000d\000e\000x}{}% 20
\BOOKMARK [0][-]{section*.23}{\376\377\000I\000n\000d\000e\000x}{}% 21
