9.201170
10.517474
8.691135
7.069807
10.212331
10.032668
10.110455
9.570667
16.382872
10.895830
8.338919
11.160846
14.850981
3.640742
15.028636
9.228552
9.964197
10.007756
8.477254
7.812088
6.614880
8.525601
12.650723
1.061491
8.629442
10.720714
13.643573
7.131331
9.631248
4.706673
11.363201
6.760661
8.778568
11.178990
8.887266
11.084077
5.564762
10.880354
8.651930
10.285353
12.499229
9.961009
10.256907
11.956310
8.472536
9.056121
12.688115
9.925200
9.631217
12.954084
9.187628
8.025696
8.810912
11.009039
7.222841
10.082266
13.918308
15.568263
8.264846
11.213819
8.628711
11.264079
7.605380
11.822046
10.933194
11.882535
9.845964
8.152179
10.863544
12.219782
7.679499
3.158194
12.049267
11.392186
14.783861
3.827296
6.474271
12.375812
16.154348
10.786182
18.035927
13.012367
3.549378
5.062407
8.111626
13.282035
13.202085
15.331850
8.731859
9.444044
11.796341
10.638735
9.251991
12.607240
9.757457
15.675860
11.076943
12.272330
13.499217
14.276337
12.517575
15.755533
10.132617
12.185527
10.597713
11.470470
3.448176
12.641447
9.431586
4.794205
5.107822
7.515779
7.108306
6.890700
12.095557
12.784284
9.181025
12.638164
16.340991
7.440567
10.467854
8.098023
12.070664
20.455373
7.299860
13.871874
14.025926
9.762985
15.076826
11.217064
10.091774
10.962417
10.029162
8.856094
10.283619
12.586858
11.801573
7.648076
8.286107
5.592742
11.399475
13.699852
10.575658
7.335370
6.093890
8.365690
4.321699
12.294511
10.178899
12.386228
8.074926
5.997705
8.123317
7.847511
10.833354
10.712245
15.885955
9.041189
18.352647
13.599921
13.576454
10.578326
13.839506
15.171782
15.699104
5.534201
12.965398
9.760297
16.074848
9.696395
4.606916
8.816694
9.643132
12.590669
9.761440
10.068357
3.997141
9.055985
11.738805
11.565817
10.113718
10.189416
7.504511
14.408264
9.754489
9.914160
12.917294
6.814046
13.235157
10.612944
12.698713
10.287328
9.775037
9.769509
12.204613
5.983334
6.686685
13.324161
6.630777
5.983545
9.740308
8.919799
7.046129
10.824797
9.905311
15.173892
10.225409
4.397619
12.693234
6.218377
7.815297
9.658977
7.482815
9.784115
11.600172
6.559625
8.223352
6.826672
9.386610
5.063728
9.914190
9.346074
8.910055
8.331330
11.910413
9.792250
11.257230
14.312817
10.138001
12.242668
14.478710
13.124766
4.515475
8.999975
11.810705
9.448655
9.850338
7.139104
9.984028
7.498896
13.608239
6.213370
9.912142
9.941189
11.138525
4.635405
8.172780
7.256996
13.491729
4.837835
14.967217
9.396760
8.140639
8.253599
8.877535
10.377452
8.277327
3.497533
13.012472
9.724481
14.670271
7.613239
14.858717
8.870314
8.675764
11.609612
12.156460
13.072886
13.554443
11.385996
10.273765
5.281740
16.632969
10.049792
7.474246
13.048767
7.049408
9.873341
8.611188
8.914940
8.021297
7.412059
10.040008
13.838331
4.711123
9.853736
10.696031
14.607688
13.020574
11.995542
4.751454
10.315480
8.914828
1.881202
16.583693
7.530293
8.341868
10.476353
13.089498
8.884103
10.919277
14.876602
12.193059
8.204606
12.306259
10.427990
11.188264
8.695037
10.036909
11.755334
11.498010
12.897697
9.269274
11.702830
8.176460
17.590620
5.501705
11.465802
13.062633
9.808230
9.529400
8.587827
16.089361
10.857404
14.719001
8.019976
10.260502
6.493395
10.546968
13.837171
12.064767
8.083493
7.901134
8.878066
10.667860
5.917572
11.239226
12.861235
15.207023
13.043748
9.386621
8.713244
13.307719
11.617538
14.338354
11.701488
10.320584
5.838785
8.249270
10.267147
9.052841
9.919795
9.667409
9.702186
8.252745
13.839565
10.905658
10.881652
4.063931
7.250861
14.672295
8.753895
15.547253
5.809579
10.192253
12.344339
7.699950
8.328835
11.429104
7.651695
8.291011
9.184662
9.142241
9.311257
11.383460
5.009722
8.208101
4.687235
12.319485
10.461590
7.849983
10.469660
10.568493
5.497632
7.981075
11.086884
7.087619
6.704395
9.691996
9.623288
8.668851
12.777882
9.905305
13.193432
9.150581
7.451421
5.580201
4.861634
13.064968
13.499533
11.146603
13.732486
11.188581
12.368283
9.339858
13.692386
10.906355
14.458086
14.861035
11.463614
9.766224
16.067847
14.168496
12.390586
11.253761
8.792692
16.517326
8.342982
11.998272
14.956107
9.863308
8.239528
9.359091
8.494013
10.435687
8.572259
10.091005
9.531415
1.494156
9.530509
12.263857
16.211258
7.788518
10.316112
9.981942
10.060601
11.024444
11.273396
10.826097
12.866800
13.530279
13.663147
10.859575
7.984897
7.560457
8.763901
11.822165
10.515410
8.022790
6.573950
9.596153
5.137897
8.666070
9.419245
8.863153
10.586338
14.529676
9.284045
6.632990
6.086269
9.667193
9.743371
2.493178
7.197817
11.378044
11.012039
12.215974
8.702148
8.272538
11.282157
16.246268
14.246552
6.618892
11.996397
12.833918
14.540817
10.405540
7.230685
14.098954
10.243114
9.158790
2.883076
13.954221
8.362213
11.464329
10.995199
8.321769
9.157728
9.097821
9.816285
9.613425
11.210290
10.337830
8.100392
14.031466
6.936753
12.534748
8.796934
9.395352
5.976328
10.804501
16.040807
9.234454
8.734734
8.346770
6.813098
9.510199
6.874854
10.167685
8.491330
11.170903
11.479488
6.773243
5.570566
7.358620
10.472824
8.147110
7.219797
6.907670
10.756755
8.561014
12.461548
11.191742
8.778683
10.579068
10.151967
11.262567
6.662150
5.044235
8.595062
7.604626
10.491351
8.028355
9.050415
14.555167
11.504709
10.565982
-0.371315
13.281001
9.973850
7.005829
6.026233
3.500889
6.738551
7.847581
6.629644
9.151138
7.713783
12.300359
12.353830
10.596952
11.309777
9.875593
9.581171
5.386769
13.283961
11.909993
10.995792
12.977675
14.844978
12.732428
10.852458
11.688072
7.346937
11.175782
9.741144
10.963555
13.071001
11.851886
15.458039
9.710113
8.877058
12.389434
11.054959
9.997409
10.446078
10.027763
7.378178
8.152501
5.563751
7.368544
5.854805
10.108440
9.622318
16.325834
5.768956
9.255332
7.337018
10.271071
5.234352
10.791867
10.866180
12.395762
6.606380
13.298982
5.731234
8.062100
4.815703
12.421713
13.231538
8.343859
8.387954
10.465017
10.394390
12.101758
9.902753
11.676535
9.073944
15.726600
9.293207
12.597823
6.315401
7.456945
6.157428
11.591737
11.899380
11.746708
8.251830
14.928720
12.617078
9.445932
10.591367
11.450192
10.546803
7.128021
12.575819
9.178949
14.665436
9.398420
9.995748
4.700619
8.272478
7.413422
14.518957
9.311332
8.277945
13.755295
9.714642
9.913594
6.654134
7.755599
10.816689
10.312053
9.894124
4.235172
7.833643
8.257838
9.341400
9.607552
7.973124
5.074693
9.863873
8.692241
10.305827
5.743999
10.640517
8.878469
10.739467
10.093862
9.145443
10.123585
15.127287
6.372756
6.032760
9.501721
8.609054
15.832620
14.272061
10.071361
13.976401
12.883553
7.216148
6.199414
10.405618
11.006265
8.461568
8.840831
9.762516
7.206172
7.377240
12.432383
-0.076114
10.610499
7.050213
7.438767
5.492973
14.201311
5.163606
6.962685
12.819295
6.386985
8.810476
10.606659
9.857581
14.259207
10.159050
12.218602
9.460996
12.669065
11.213249
11.285589
8.355848
8.147291
13.094187
8.454596
15.327342
9.843618
11.950584
6.977183
11.202661
6.276115
14.437873
10.881828
9.347240
11.646982
11.302650
9.154129
11.450282
10.895161
11.336223
14.637515
9.272074
8.891813
11.170560
9.474175
4.168717
7.346548
7.434716
9.872935
12.768403
11.069525
9.489479
7.445640
11.339863
13.113052
14.469261
8.938453
11.950402
11.114968
6.021998
5.452141
5.545206
6.583096
13.984898
10.715599
6.012395
12.918038
14.956725
8.375212
10.324859
3.713195
12.449402
5.698693
16.058383
10.432560
7.734644
12.240568
10.990732
12.106223
5.619683
7.460760
9.794748
10.047698
5.840693
7.278836
14.032399
10.951721
14.554503
14.637488
2.040818
13.461465
5.941490
10.614377
13.465490
9.616249
9.971409
12.935547
11.617854
12.733436
17.373322
11.180732
11.323361
7.528715
15.663692
8.336878
10.874979
11.189086
9.416133
7.115136
12.660819
3.329267
8.183200
13.617164
15.850295
3.929524
7.882997
6.067480
10.896540
5.752694
5.496973
8.234071
9.638608
6.774323
9.808954
7.324299
5.459841
11.798915
11.830700
13.010958
3.798183
7.310609
9.093350
8.972554
15.741374
5.768394
10.539045
12.945273
15.803748
10.379639
12.481097
6.694066
7.938082
12.238194
9.880097
10.845122
11.973234
10.267272
9.078756
11.820134
8.446496
9.487375
0.501209
12.431730
15.239121
11.314514
8.609944
11.674150
10.175730
7.046606
5.693216
11.640666
13.734003
9.540437
13.159590
8.118730
3.129158
12.066411
8.140102
12.928189
11.759199
8.535828
12.265686
13.742427
10.037160
10.443543
13.987273
8.821607
8.677080
9.499592
7.285224
7.182957
6.486448
9.122774
8.157629
13.976883
9.141038
9.068487
6.370533
12.856709
10.774560
10.540179
12.991901
12.513887
8.541229
10.630153
8.229162
6.815527
11.898534
10.774568
5.433850
8.785663
6.993579
14.127081
11.589247
14.998571
4.526414
12.263982
14.518189
16.430728
13.279933
9.104046
11.446222
4.429696
4.781123
6.372296
12.185586
9.397747
9.549953
11.220568
12.981201
13.418023
8.212426
12.794522
7.251458
6.106897
9.147059
9.839228
3.821101
7.519543
12.810973
8.158981
12.424084
9.726623
4.054303
7.472052
10.867342
10.308390
12.386008
11.090700
7.304734
11.116030
7.834191
7.302672
5.787196
9.204837
8.036351
8.274931
14.320332
10.711235
10.404939
7.567583
10.034428
10.814729
5.210015
14.929218
12.240661
7.473040
11.730516
7.974092
11.294717
7.677384
11.976043
14.143720
14.176222
7.965450
9.621202
14.398637
15.322080
13.880182
12.940885
12.279378
14.217213
10.564829
9.603055
7.657583
11.541752
10.734139
12.683796
15.184602
12.775630
6.641583
6.191404
16.812114
15.656130
16.016198
11.922490
13.887714
7.297703
6.550471
7.654298
10.267789
10.467964
5.524622
7.074988
13.865026
7.216482
12.600452
7.867939
9.026833
13.004580
9.013612
5.559322
11.212429
15.891482
5.961448
6.592987
11.826205
10.383610
5.367670
12.768015
14.501674
8.088912
13.914567
9.079868
13.130633
12.968877
6.890454
8.704282
13.909241
7.443276
