15.903189
7.419759
4.810235
9.225624
5.456920
9.108248
10.542720
3.725137
11.661102
9.098768
10.214573
10.904100
16.466615
14.774411
11.574813
11.812579
11.740769
10.544684
8.867780
12.241453
9.504755
12.528309
12.670685
8.827676
7.153461
11.615035
6.523984
10.859454
9.695049
6.170966
13.165960
12.601699
10.560128
8.059612
9.690802
5.190306
8.909731
7.807278
7.613386
10.971685
6.991039
6.576515
10.660997
10.870057
13.008466
10.273942
6.930682
6.952914
11.054195
9.317110
6.023294
6.903275
12.232146
8.408634
11.226456
10.128247
8.958565
7.442857
11.114347
15.369797
9.132478
10.737504
6.461608
6.823214
12.522629
11.637752
11.228721
7.685193
7.366555
5.470865
9.497339
6.167824
12.519848
11.990190
9.495654
8.684011
11.682170
3.478577
10.816333
8.732910
12.426797
12.256697
12.533907
7.831601
15.602431
8.687181
5.949500
9.415847
5.183572
4.999124
11.263969
16.448655
5.025064
12.991969
9.876160
7.656472
7.037564
5.860279
7.346530
5.941969
11.242310
6.944688
8.485690
9.532761
13.892741
9.549828
6.029205
8.777953
10.183099
9.513495
8.724705
12.237981
9.882896
9.314354
9.914072
6.413691
8.449470
7.948272
11.308265
10.232593
8.696136
9.555726
10.491783
7.050240
9.833843
8.797749
9.066773
11.016867
12.379163
10.793835
9.495648
9.934626
7.010095
9.426255
4.494925
15.697423
12.893540
7.330183
11.948870
16.772718
9.327216
7.423008
9.572534
10.974294
11.328151
13.185729
9.968692
10.193516
10.454747
12.909547
16.386436
11.501857
12.491345
8.113240
10.240644
6.597843
9.223381
8.340655
10.116165
8.183435
12.094145
13.537000
8.165959
7.515018
12.250588
8.992601
9.932032
13.704817
9.041972
11.201522
14.864055
10.913356
10.378829
11.792025
6.792398
9.862636
10.078805
3.787644
12.683136
13.900642
7.080374
13.034752
9.740894
4.513631
4.191744
7.590200
8.556532
11.808600
11.486952
12.252810
11.373114
8.024636
7.958808
10.959305
12.219227
8.419579
10.801445
10.637535
9.396566
11.452915
11.614305
8.479360
4.578436
8.809712
9.019514
14.312237
7.158369
9.351283
13.417954
12.667786
4.616634
10.836295
9.968948
11.259503
10.986177
10.836138
9.179847
11.806373
11.048941
7.478263
7.597601
14.247839
7.882701
8.679843
12.277863
7.648388
11.204169
13.475390
8.047053
6.338328
2.719384
8.803645
14.442599
7.660502
8.974682
12.122752
9.703340
6.434615
13.794670
11.035518
9.278207
12.399573
12.818365
11.478551
5.914269
12.603051
11.618412
11.932522
10.154145
4.745734
10.667820
16.123426
10.476487
8.086195
10.173675
15.234501
6.595969
10.765695
9.430501
14.203816
4.363710
10.153884
12.144999
14.952283
11.934314
14.906675
7.872640
11.373109
11.990406
11.804531
12.099348
11.084948
7.790078
8.398254
16.628601
2.247607
18.172167
11.292993
8.335574
10.492053
8.729313
5.012085
16.337899
6.923042
9.685802
12.999541
14.710785
8.602635
14.171547
11.902239
8.631093
11.396759
9.311960
9.857595
12.820789
12.213527
11.677859
9.459348
12.354284
11.261902
15.654720
8.455533
4.856759
12.646213
8.806919
10.424481
14.237425
10.647152
4.170415
8.305914
11.082030
15.981293
13.519087
14.328681
13.914099
14.329407
5.724671
12.093371
10.753505
13.160267
7.281672
9.311814
12.307357
10.208028
11.281708
8.254266
14.091937
12.858069
11.387451
6.500366
14.179335
10.706814
6.643901
7.496350
10.853532
8.468427
6.347151
5.388131
7.889766
7.345522
12.031399
12.387839
7.220114
4.973309
17.010646
6.091720
11.734781
13.017935
9.374867
9.794541
2.842719
12.204232
7.150190
11.067458
12.515284
10.358842
4.144148
9.995611
4.049269
7.515285
12.289763
10.542730
14.115414
4.880078
13.382244
9.183728
9.926650
13.963576
8.580051
13.569579
15.037656
13.034138
7.783330
5.707783
7.278730
11.864019
9.144438
10.508426
9.295013
10.326994
5.337331
11.603571
7.808384
6.338810
12.932441
11.967178
14.328214
11.811337
17.084213
11.297068
12.481574
6.795618
12.753119
7.268845
9.647010
9.068675
7.774751
7.069318
13.808291
9.816204
11.659343
11.125133
9.607435
9.282059
10.051024
11.596948
10.231515
12.765545
6.733888
13.527681
11.036510
10.601332
12.394743
9.026857
9.030585
14.173861
10.020057
14.048805
7.698168
11.034952
6.597210
11.478536
8.768140
12.191567
8.515522
6.742202
9.246833
10.218244
5.977795
12.419112
8.816528
3.849169
7.105326
15.180563
11.336572
10.070100
10.308293
7.859890
7.241372
4.262806
11.163561
10.102392
2.870499
13.616913
13.216829
9.155314
15.738470
11.782177
9.875181
8.560542
11.079804
10.667428
16.350226
7.767364
8.576970
5.747066
8.551878
8.174689
4.520611
8.193715
7.736681
11.965392
9.504481
7.770066
8.435857
9.885577
4.440583
6.041815
5.978817
8.134998
3.959536
8.469833
4.869310
14.368055
5.280714
12.121014
6.590654
9.210852
9.669879
6.739305
7.894445
7.870081
13.554674
7.749566
8.139389
8.782626
8.378691
10.072178
8.065437
11.705546
10.250966
8.184688
6.997112
15.985827
9.465949
10.703697
15.567265
11.491366
11.704746
11.717923
12.350907
10.861732
9.377449
9.675242
6.682339
9.276177
14.620607
9.250178
11.825274
4.252804
9.780503
10.910808
11.042386
3.524780
9.413250
10.896203
12.978609
10.519539
11.445231
13.057043
8.223676
9.050324
11.030570
12.200466
10.072079
11.049324
8.390502
8.441595
12.376394
8.847419
9.644677
9.891543
12.283084
9.877530
10.504989
4.881831
10.432675
10.439769
9.399743
15.523347
12.796891
13.666172
8.873179
9.136790
9.759741
8.980648
7.183045
14.403997
17.807774
16.854945
9.683006
8.984986
8.029378
1.495081
8.347057
11.654093
12.674345
15.021528
6.107494
5.620962
7.732154
11.436868
7.017661
10.662871
14.695571
9.549976
8.601380
3.360459
13.111799
6.128827
8.225528
11.137099
9.854736
5.199049
10.561633
12.038361
11.287891
5.364309
13.073612
6.702854
12.973942
7.288542
8.148020
13.441980
12.917445
7.600898
6.961796
9.110227
4.250221
6.929085
9.750397
4.021145
14.161106
5.631504
14.136517
7.420375
9.749099
10.757277
11.867469
8.216950
11.708999
9.620101
13.667647
11.860435
8.166370
10.463147
8.144768
8.105745
8.546850
11.174262
11.923211
9.668245
12.410170
10.371140
10.933355
10.799133
11.419419
5.413552
10.761428
6.768894
4.757501
8.086183
10.584115
9.282903
5.582250
9.682689
10.038295
15.433970
6.840970
11.370474
11.732610
10.080578
13.309709
15.549617
5.331267
8.021687
11.973076
5.182288
5.142926
7.440365
11.739697
12.807177
8.737964
8.465871
8.173173
7.369926
5.625259
5.238126
14.081743
3.588673
12.788746
9.028138
5.777153
5.796273
10.534665
14.400137
11.364901
10.783384
11.142331
15.288881
7.084393
9.631644
9.285876
4.962188
14.190172
8.609312
7.687225
12.379102
6.481241
3.820746
10.469446
11.940130
13.425453
8.028256
2.652218
8.835621
9.385141
8.364687
6.534998
4.672035
6.939490
9.670664
10.361012
6.164606
12.403030
8.726957
13.579455
3.606829
5.242711
11.655020
5.220112
10.964897
12.382340
11.327962
8.515686
10.475450
8.166384
14.291757
12.188601
9.641258
8.018095
7.699034
8.567070
10.630570
9.425027
13.026803
9.361722
5.690061
9.552905
4.421281
12.379430
8.015669
10.137847
8.978910
12.107644
4.055332
9.650459
9.275227
5.582150
4.496892
8.830616
14.355254
8.719931
13.679670
11.008520
10.274601
10.368841
8.995256
11.255133
7.478766
16.696218
11.621829
9.766529
10.444440
11.238066
11.151002
11.498573
8.175645
9.875752
8.852893
7.524131
10.262161
9.507664
11.846341
16.849519
13.355690
10.034752
10.662711
11.063271
3.224594
8.146598
16.592910
8.466546
10.099083
13.178139
9.444670
9.349761
9.128239
12.495512
9.329396
13.509537
10.726074
3.923802
8.035967
15.875633
4.076680
8.702362
12.624081
6.705596
10.898037
14.502205
8.811042
6.165911
7.996862
8.121339
14.837505
11.195371
15.199157
15.115185
12.201167
10.904467
8.885442
12.076022
8.132862
12.026164
9.221575
17.746145
10.152030
6.783388
6.325109
10.927131
7.299116
11.175949
11.040424
6.872051
5.722797
8.057350
9.096408
10.638610
16.557120
10.415289
9.558132
10.770950
13.166587
11.180288
6.988969
8.616365
7.309743
12.989418
4.969453
3.095974
13.862408
9.863851
8.412746
4.683027
4.304589
8.600823
6.411912
7.893603
7.006879
9.695164
8.528939
7.431807
9.570352
11.095608
10.634253
15.816034
9.744101
8.624583
9.433003
12.804725
9.623723
8.584580
9.755661
8.017984
10.032029
8.346099
10.953827
11.043931
10.620458
12.406066
10.849745
11.019547
3.258019
13.454611
8.863163
6.155115
12.352577
9.251383
9.396315
10.142770
14.696276
6.788578
4.774091
10.347694
8.191681
9.279611
9.343911
9.583111
11.614378
9.874856
8.495966
14.022889
9.894764
7.249681
8.278593
10.092902
10.834119
12.309244
14.899581
8.675736
9.253909
15.826212
9.033501
8.201169
4.268409
9.160021
8.625665
12.027621
12.114203
12.622989
7.541057
11.711248
14.160123
10.187767
10.783989
12.619442
9.767073
5.846680
9.704825
8.959015
11.729480
13.742685
12.029704
13.342971
9.096033
13.799936
7.809445
13.022745
11.379924
10.802719
8.599075
8.949542
11.072281
16.383237
11.729272
12.330698
10.174999
9.627362
5.412289
3.761825
8.845364
7.330490
8.385223
7.263978
12.298013
11.858786
13.701020
13.603150
5.109756
10.343404
12.913893
9.103456
10.870317
8.217073
4.678202
7.913942
9.623221
5.493198
7.943734
11.708676
15.700278
6.282523
8.146918
14.580196
4.206276
4.306998
13.319816
8.363357
5.164243
11.447240
13.531409
6.629481
6.956876
11.520009
10.361876
7.381023
6.634625
16.795833
10.366583
8.945139
9.092511
12.394023
10.881533
4.050958
13.828908
6.368358
12.837756
10.852983
9.330202
14.924843
5.676777
11.559605
1.743557
8.360861
13.025807
10.235293
9.480825
13.583947
6.409676
7.442970
9.977761
11.277580
14.004118
8.659235
6.143204
5.157829
8.692015
7.936154
8.854862
10.979646
9.416007
9.862867
6.804798
8.783213
9.854615
6.948829
2.868785
12.629697
11.151191
7.803563
12.569680
7.932972
5.497103
4.451493
8.264615
7.340715
8.712075
9.466085
8.412813
