7.054071
2.602996
12.128549
14.487354
0.758221
11.545494
9.394370
4.848728
8.842815
7.201643
9.058457
6.477652
13.336688
20.310238
13.933960
8.671992
10.580750
11.364972
10.239276
8.361783
8.969199
10.802824
4.352457
9.986318
11.531342
11.160099
12.616336
10.188311
13.647843
6.865860
11.898569
17.742805
14.746183
14.112896
6.644141
10.239285
8.289727
9.108429
3.020337
13.016257
8.332366
8.458776
14.205097
9.921272
10.967271
11.928479
9.926080
10.848837
11.963140
8.769622
3.456458
7.365181
14.339588
14.165623
11.871328
6.436655
9.876085
6.559633
6.378101
10.178642
9.669502
11.014468
8.973624
13.267057
7.571067
5.983043
10.942536
11.624058
11.599598
11.425021
7.028789
15.731880
7.303056
15.425453
4.634862
11.819674
6.791658
8.337293
10.779033
13.134921
13.960563
9.365840
13.593989
18.284619
9.941525
10.490949
9.091418
6.748744
13.406854
10.550533
6.770492
11.491071
11.124509
9.979966
6.839165
10.059819
12.621328
10.686428
7.708015
11.475789
7.111176
10.587906
5.905054
12.962514
8.297675
8.291991
9.310987
6.908013
11.424647
10.790373
8.932453
5.726495
12.313802
5.169622
7.258040
8.810119
9.560088
11.742147
7.844727
9.663827
14.299942
7.263080
8.461377
14.123180
10.179699
9.872680
10.826737
4.827003
6.773340
9.248960
8.699856
5.515148
10.831794
11.702723
3.112054
16.266654
7.218101
11.001125
8.001381
9.366625
8.910898
12.031209
12.323620
11.712414
10.214869
4.706410
11.560158
7.701996
12.936670
14.392491
4.626712
7.265133
11.419496
11.143168
10.972053
10.660319
7.043989
4.958647
6.978755
8.258789
8.914731
8.052565
8.985353
6.507335
12.108726
10.847948
3.552831
9.211061
7.736424
12.304661
10.528213
7.626353
6.304024
6.849358
10.858206
8.662624
10.091121
9.739205
11.933077
13.572493
8.888512
6.888757
11.388366
6.459813
9.542356
11.783430
11.827748
9.979090
9.016538
11.915590
13.129412
8.869007
7.550959
8.861712
11.441064
6.906842
4.526608
5.268153
3.125446
12.175287
8.831629
8.680460
11.889845
13.755129
5.360965
4.942006
11.478340
13.312206
8.702658
12.344793
9.995620
14.309935
10.345152
10.100660
13.405817
9.207614
9.771391
10.919866
10.113504
13.412822
8.159382
8.909647
6.603994
7.416937
5.860364
8.985134
12.097187
11.760263
7.264313
8.324063
15.132362
5.407060
10.710275
4.999678
8.960298
5.992012
5.376818
10.112549
11.844223
9.775281
8.702669
8.816109
12.932181
9.848284
9.350600
5.726161
6.461045
10.259204
8.048951
5.573542
10.178955
11.647097
10.263692
7.860837
5.986054
11.172658
13.878972
4.110475
9.391150
7.095801
7.072695
12.308118
7.651298
10.604862
16.803794
6.634521
9.923083
12.386115
8.684974
11.012625
12.321056
9.497685
8.952555
11.858888
12.991650
5.915643
8.913432
8.027121
9.079084
8.911348
7.167916
10.440677
13.798959
7.803009
7.754328
9.564877
12.021322
9.252243
14.907391
15.976095
12.704830
7.269763
9.564259
9.883570
6.398337
10.893690
11.954122
11.067994
10.373052
12.835146
8.394466
8.376560
16.627831
12.838413
9.576964
9.783302
8.036498
11.410735
7.193989
8.219812
5.096067
7.910430
6.133111
8.275858
11.678434
12.558735
8.050387
10.490122
10.092378
4.962817
10.323204
9.620561
8.436929
16.782512
8.177242
7.887312
6.572962
5.602802
8.829282
6.837646
13.726063
11.570268
17.584523
10.597232
5.619287
8.146399
4.733612
8.656390
10.482236
9.354470
12.446135
13.248125
8.475072
7.847065
8.443848
13.069794
15.148973
11.800439
12.135050
15.708636
9.050288
9.835278
9.700497
10.558682
11.089170
8.245043
9.503959
10.245593
8.084309
7.244981
8.459036
9.455171
6.440653
8.203888
10.172330
4.770009
11.585643
9.459216
6.996889
5.739245
6.401099
6.370201
7.148062
7.559119
9.179236
10.455421
7.336163
7.245822
8.598315
9.965880
15.517248
7.564276
11.617589
10.120308
8.975020
8.239336
9.932213
8.349995
8.284270
8.079224
10.335354
10.847901
9.433432
11.123020
6.338257
7.399977
6.166284
7.414869
8.488291
10.310899
6.773595
9.323299
11.424892
9.230779
9.444964
10.861021
4.512439
10.991940
9.566876
7.656904
9.884686
13.353184
6.763301
12.671289
8.870919
8.770941
8.742573
8.426973
4.578534
6.386070
13.243560
11.747289
10.473409
8.461738
5.773145
10.204141
17.498741
6.021627
12.815181
13.189373
11.068754
7.874947
5.735486
5.131873
16.666697
1.609052
14.635523
5.351083
12.803551
10.635920
8.108030
13.555036
3.947462
1.406895
4.880466
10.840341
12.899574
17.361563
15.951083
10.844576
12.325776
6.688797
11.766538
13.875827
10.026967
13.861690
15.182939
6.023306
8.086615
4.947447
5.745807
7.715751
14.740823
12.425036
14.590367
12.013945
10.359885
11.109500
10.061569
10.888984
11.486510
10.497479
14.499008
12.573616
10.532300
11.462088
8.486751
9.733655
3.849601
9.853387
7.827783
7.628289
14.404157
14.654485
9.877059
6.740749
15.630347
8.377426
19.222973
11.729676
7.568876
4.866901
6.458142
14.985928
9.964399
8.651912
13.085348
4.906226
11.495980
7.139140
13.757851
7.466519
9.259533
8.337164
7.698106
6.879853
12.533321
10.318158
7.806797
6.857428
8.261342
6.600383
8.682933
5.855365
11.591374
11.484739
6.904329
6.297900
13.890566
8.495472
13.708230
7.914389
6.410159
10.783958
9.986698
5.652827
9.696723
6.979055
10.361126
7.464994
10.106649
15.153328
8.833060
10.587765
7.729243
13.512077
8.598905
17.130507
8.880526
7.212285
11.070231
12.647038
6.085227
8.186721
11.089693
11.437778
6.578108
7.268155
12.841123
14.342923
9.748832
8.544687
4.249419
8.566618
6.699887
11.132152
14.109184
10.786400
7.246121
10.892127
10.866661
6.581638
5.939518
12.601267
8.105130
11.909414
11.044292
11.358385
5.661286
12.668341
8.229646
11.144427
8.000327
13.520839
12.174134
15.561859
8.950349
11.755992
1.635679
10.142836
9.796291
15.253641
6.909803
9.614313
10.230773
10.706558
4.373921
6.051188
8.955095
10.827809
13.838416
8.955734
8.324869
5.626355
10.534760
12.516522
11.853154
11.103321
9.481431
11.430488
7.670639
11.121820
12.643497
11.206124
10.212830
7.031033
8.468855
8.665761
11.582508
9.417718
11.157885
2.656331
9.164784
14.497231
5.517432
6.432628
12.922560
12.091431
4.216904
11.033090
7.856978
9.929388
5.955290
9.775905
0.738156
10.752087
10.019211
9.716544
13.606226
5.978722
7.160954
12.087746
9.211188
3.716381
10.556850
8.340717
7.382488
9.888973
4.219807
10.322151
11.597425
5.195181
13.677367
11.633462
6.599723
11.843802
12.031189
8.856041
-0.711351
11.331546
4.934684
11.122684
11.201791
6.074423
14.669758
6.246532
9.933565
10.505352
11.969032
10.585370
8.941079
8.687043
9.750664
13.152354
8.744785
7.953599
5.679910
5.423591
6.850551
1.452302
10.199446
9.024632
15.118906
7.516932
11.251033
9.314079
12.349539
6.272310
10.637350
9.721345
3.615339
6.832928
8.159545
9.753242
9.283832
9.469450
9.916922
3.691024
11.939639
12.074039
13.946438
2.989764
10.059447
11.863462
7.394660
12.383413
8.689054
12.318686
12.864228
10.108363
10.886843
8.800878
9.904317
10.708683
11.268251
10.581535
12.109917
7.459167
13.969083
12.067428
8.446967
12.981278
7.409719
13.228131
7.368954
2.067518
12.417396
12.112429
2.338679
6.402570
9.210402
9.709652
10.809924
13.314244
4.302891
7.145243
7.969473
-2.044715
14.174397
14.811067
11.579385
14.041078
15.184401
6.678237
3.572480
9.873447
13.729597
9.513059
9.383674
10.934008
6.670179
10.987934
10.282788
3.840103
13.217255
11.422089
9.406072
6.042845
9.953035
15.571056
5.777080
7.191959
11.826705
6.834570
11.392454
12.064055
12.354320
14.980714
9.128894
12.010385
9.239953
9.790985
14.770884
11.684860
7.964241
12.205880
13.255719
17.494985
12.282330
11.848050
14.231131
12.851674
10.127485
9.100537
6.374916
10.902255
9.469006
9.589872
8.601555
12.140135
9.441273
5.560750
11.987775
4.800438
2.979097
13.779890
11.162825
11.487502
8.350379
8.530923
11.190383
12.431626
5.699520
8.169271
13.525160
8.155585
7.601455
9.412520
10.080196
14.676348
8.748845
13.418576
12.617523
6.756389
4.715354
13.361861
13.502984
7.308345
8.568408
11.314497
9.246990
16.310389
15.724557
14.308789
10.192361
11.463280
11.514141
10.875246
10.606829
8.689935
9.571454
5.003761
11.446736
7.766428
8.430050
12.708504
7.847293
15.033545
11.041549
0.705226
11.128187
11.768678
11.412938
7.141418
9.211242
8.735731
13.040349
4.057098
11.608351
9.497975
11.384044
12.092061
16.828544
15.533364
12.458086
6.571344
8.520454
12.267032
15.802801
9.495306
9.263423
7.804273
6.663046
10.073512
15.018636
10.389461
8.822489
4.139092
4.930477
5.929112
7.276567
9.458693
8.291154
9.921359
13.598708
6.565740
3.962982
7.099780
7.416625
12.074524
14.693395
17.064886
11.839728
9.742407
12.158375
12.576661
13.119630
10.560242
10.391442
5.213736
17.635705
13.389786
13.260359
14.699498
7.889158
8.773575
9.649576
15.428790
8.334842
13.512297
12.982466
19.154380
8.377927
9.437615
13.782239
9.113986
12.651384
9.111472
7.948460
12.850341
9.696267
9.292793
13.185094
9.106569
13.042110
9.427016
7.755134
8.800041
15.604323
11.708315
12.173795
12.094859
8.079373
10.545028
5.669758
5.707160
10.635299
8.207303
10.473762
12.462974
9.833412
14.521067
10.435437
12.209918
6.890911
12.855621
10.158842
6.277659
6.910594
7.235607
6.006637
13.558923
13.192291
4.992098
14.920276
10.326009
13.507501
8.924423
7.312321
12.944435
10.272294
5.952637
9.472372
13.587651
13.215794
8.720848
10.646475
12.823433
8.891135
9.784134
13.237812
9.082951
9.186275
12.458723
3.042026
9.413523
16.214957
8.168252
9.710172
16.243083
11.176288
14.456253
7.886987
4.529369
9.549153
7.134045
11.484624
9.114726
7.506085
7.826920
1.621585
11.093404
9.528325
8.791566
12.245135
1.767207
17.243865
8.766542
12.537263
12.833857
10.566281
5.833871
13.793434
11.306656
10.221676
5.509536
9.987036
8.713580
8.421270
9.649523
10.195045
10.000312
17.000218
14.740459
14.824205
13.200243
13.654902
16.348945
5.180197
11.386156
